<?xml version="1.0" encoding="UTF-8" ?>
<testsuite errors="0" failures="0" hostname="DESKTOP-EAAQ4VP" name="test.BakersDozenTest" skipped="0" tests="9" time="0.07" timestamp="2018-03-30T15:07:18">
  <properties>
[...]
</properties>
  <testcase classname="test.BakersDozenTest" name="test1" time="0.01" />
  <testcase classname="test.BakersDozenTest" name="test2" time="0.0" />
  <testcase classname="test.BakersDozenTest" name="test3" time="0.001" />
  <testcase classname="test.BakersDozenTest" name="test4" time="0.001" />
  <testcase classname="test.BakersDozenTest" name="test5" time="0.0" />
  <testcase classname="test.BakersDozenTest" name="test6" time="0.001" />
  <testcase classname="test.BakersDozenTest" name="test7" time="0.0" />
  <testcase classname="test.BakersDozenTest" name="test8" time="0.001" />
  <testcase classname="test.BakersDozenTest" name="test9" time="0.0" />
  <system-out><![CDATA[deck size=52
deck size=0
deck size=52
deck size=0
deck size=52
deck size=0
deck size=52
deck size=0
deck size=52
deck size=0
deck size=52
deck size=0
deck size=52
deck size=0
deck size=52
deck size=0
deck size=52
deck size=0
]]></system-out>
  <system-err><![CDATA[]]></system-err>
</testsuite>
